Added Component: Designator=X?(PLS_16_FEMALE)
Add component (AddParameter): Name = "Manufacturer"; Value = "TE Connectivity AMP Connectors"; VariantName = "[No Variations]"
Add component (AddParameter): Name = "Manufacturer Part Number"; Value = "1-534237-4"; VariantName = "[No Variations]"
Add component (AddParameter): Name = "TH"; Value = "1"; VariantName = "[No Variations]"
Added Component: Designator=X?(PLS_12_FEMALE)
Add component (AddParameter): Name = "Manufacturer"; Value = "TE Connectivity AMP Connectors"; VariantName = "[No Variations]"
Add component (AddParameter): Name = "Manufacturer Part Number"; Value = "1-534237-0"; VariantName = "[No Variations]"
Add component (AddParameter): Name = "TH"; Value = "1"; VariantName = "[No Variations]"
Added Pin To Net: NetName=VBAT Pin=X?-1
Added Pin To Net: NetName=+3V3 Pin=X?-2
Added Pin To Net: NetName=GND Pin=X?-4
Added Pin To Net: NetName=LEAF_WETNESS_ANALOG Pin=X?-5
Added Pin To Net: NetName=BTN Pin=X?-7
Added Pin To Net: NetName=GREEN Pin=X?-8
Added Pin To Net: NetName=RED Pin=X?-9
Added Pin To Net: NetName=SCL Pin=X?-11
Added Pin To Net: NetName=SDA Pin=X?-12
Added Pin To Net: NetName=NetX5_1 Pin=X5-1
Added Pin To Net: NetName=NetX5_1 Pin=X?-1
Added Net: Name=NetX5_1
Added Pin To Net: NetName=NetX5_3 Pin=X5-3
Added Pin To Net: NetName=NetX5_3 Pin=X?-3
Added Net: Name=NetX5_3
Added Pin To Net: NetName=NetX5_6 Pin=X5-6
Added Pin To Net: NetName=NetX5_6 Pin=X?-6
Added Net: Name=NetX5_6
Added Pin To Net: NetName=NetX5_7 Pin=X5-7
Added Pin To Net: NetName=NetX5_7 Pin=X?-7
Added Net: Name=NetX5_7
Added Pin To Net: NetName=NetX5_8 Pin=X5-8
Added Pin To Net: NetName=NetX5_8 Pin=X?-8
Added Net: Name=NetX5_8
Added Pin To Net: NetName=NetX5_9 Pin=X5-9
Added Pin To Net: NetName=NetX5_9 Pin=X?-9
Added Net: Name=NetX5_9
Added Pin To Net: NetName=NetX5_10 Pin=X5-10
Added Pin To Net: NetName=NetX5_10 Pin=X?-10
Added Net: Name=NetX5_10
Added Pin To Net: NetName=NetX5_11 Pin=X5-11
Added Pin To Net: NetName=NetX5_11 Pin=X?-11
Added Net: Name=NetX5_11
Added Pin To Net: NetName=NetX5_12 Pin=X5-12
Added Pin To Net: NetName=NetX5_12 Pin=X?-12
Added Net: Name=NetX5_12
Added Pin To Net: NetName=NetX5_13 Pin=X5-13
Added Pin To Net: NetName=NetX5_13 Pin=X?-13
Added Net: Name=NetX5_13
Added Pin To Net: NetName=NetX5_14 Pin=X5-14
Added Pin To Net: NetName=NetX5_14 Pin=X?-14
Added Net: Name=NetX5_14
Added Pin To Net: NetName=NetX5_15 Pin=X5-15
Added Pin To Net: NetName=NetX5_15 Pin=X?-15
Added Net: Name=NetX5_15
Added Pin To Net: NetName=NetX5_16 Pin=X5-16
Added Pin To Net: NetName=NetX5_16 Pin=X?-16
Added Net: Name=NetX5_16
Added Pin To Net: NetName=NetX6_2 Pin=X6-2
Added Pin To Net: NetName=NetX6_2 Pin=X?-2
Added Net: Name=NetX6_2
Added Pin To Net: NetName=NetX6_3 Pin=X6-3
Added Pin To Net: NetName=NetX6_3 Pin=X?-3
Added Net: Name=NetX6_3
Added Pin To Net: NetName=NetX6_4 Pin=X6-4
Added Pin To Net: NetName=NetX6_4 Pin=X?-4
Added Net: Name=NetX6_4
Added Pin To Net: NetName=NetX6_5 Pin=X6-5
Added Pin To Net: NetName=NetX6_5 Pin=X?-5
Added Net: Name=NetX6_5
Added Pin To Net: NetName=NetX6_6 Pin=X6-6
Added Pin To Net: NetName=NetX6_6 Pin=X?-6
Added Net: Name=NetX6_6
Added Pin To Net: NetName=NetX6_10 Pin=X6-10
Added Pin To Net: NetName=NetX6_10 Pin=X?-10
Added Net: Name=NetX6_10
Added Member To Class: ClassName=merigold Member=Component X? PLS_16_FEMALE
Added Member To Class: ClassName=merigold Member=Component X? PLS_12_FEMALE
