Added Component: Designator=R7(RESC3216X07N/1206)
Add component. Clean all parameters for all variants
Add component (AddParameter): Name = "Manufacturer"; Value = "Panasonic"; VariantName = "[No Variations]"
Add component (AddParameter): Name = "Manufacturer Part Number"; Value = "ERJ8ENF1002V"; VariantName = "[No Variations]"
Add component (AddParameter): Name = "Rated Power"; Value = "0.25 W"; VariantName = "[No Variations]"
Add component (AddParameter): Name = "Resistance"; Value = "10 kO"; VariantName = "[No Variations]"
Add component (AddParameter): Name = "Tolerance (%)"; Value = "±1 %"; VariantName = "[No Variations]"
Added Component: Designator=R8(RESC3216X07N/1206)
Add component. Clean all parameters for all variants
Add component (AddParameter): Name = "Manufacturer"; Value = "Panasonic"; VariantName = "[No Variations]"
Add component (AddParameter): Name = "Manufacturer Part Number"; Value = "ERJ8ENF1002V"; VariantName = "[No Variations]"
Add component (AddParameter): Name = "Rated Power"; Value = "0.25 W"; VariantName = "[No Variations]"
Add component (AddParameter): Name = "Resistance"; Value = "10 kO"; VariantName = "[No Variations]"
Add component (AddParameter): Name = "Tolerance (%)"; Value = "±1 %"; VariantName = "[No Variations]"
Added Pin To Net: NetName=SDA Pin=R7-1
Added Pin To Net: NetName=+3V3 Pin=R7-2
Added Pin To Net: NetName=SCL Pin=R8-1
Added Pin To Net: NetName=+3V3 Pin=R8-2
Added Member To Class: ClassName=merigold Member=Component R7 10K1206
Added Member To Class: ClassName=merigold Member=Component R8 10K1206
