Added Component: Designator=C1(CAPC2012X14M/0805)
Add component. Clean all parameters for all variants
Add component (AddParameter): Name = "Capacitance"; Value = "10 µF"; VariantName = "[No Variations]"
Add component (AddParameter): Name = "Manufacturer"; Value = "Samsung Electro-Mechanics"; VariantName = "[No Variations]"
Add component (AddParameter): Name = "Manufacturer Part Number"; Value = "CL21A106KPFNNNG"; VariantName = "[No Variations]"
Added Component: Designator=C2(CAPC2012X14M/0805)
Add component. Clean all parameters for all variants
Add component (AddParameter): Name = "Capacitance"; Value = "10 µF"; VariantName = "[No Variations]"
Add component (AddParameter): Name = "Manufacturer"; Value = "Samsung Electro-Mechanics"; VariantName = "[No Variations]"
Add component (AddParameter): Name = "Manufacturer Part Number"; Value = "CL21A106KPFNNNG"; VariantName = "[No Variations]"
Added Component: Designator=C3(CAPC1508X09M/0603)
Add component. Clean all parameters for all variants
Add component (AddParameter): Name = "Capacitance"; Value = "1 µF"; VariantName = "[No Variations]"
Add component (AddParameter): Name = "Manufacturer"; Value = "Kyocera AVX"; VariantName = "[No Variations]"
Add component (AddParameter): Name = "Manufacturer Part Number"; Value = "06036D105KAT2A"; VariantName = "[No Variations]"
Added Component: Designator=C4(CAPC1508X09M/0603)
Add component. Clean all parameters for all variants
Add component (AddParameter): Name = "Capacitance"; Value = "1 µF"; VariantName = "[No Variations]"
Add component (AddParameter): Name = "Manufacturer"; Value = "Kyocera AVX"; VariantName = "[No Variations]"
Add component (AddParameter): Name = "Manufacturer Part Number"; Value = "06036D105KAT2A"; VariantName = "[No Variations]"
Added Component: Designator=C5(CAPC1508X09M/0603)
Add component. Clean all parameters for all variants
Add component (AddParameter): Name = "Capacitance"; Value = "22 pF"; VariantName = "[No Variations]"
Add component (AddParameter): Name = "Manufacturer"; Value = "AVX"; VariantName = "[No Variations]"
Add component (AddParameter): Name = "Manufacturer Part Number"; Value = "06035A220JAT2A"; VariantName = "[No Variations]"
Added Component: Designator=C6(CAPC1508X09M/0603)
Add component. Clean all parameters for all variants
Add component (AddParameter): Name = "Capacitance"; Value = "22 pF"; VariantName = "[No Variations]"
Add component (AddParameter): Name = "Manufacturer"; Value = "AVX"; VariantName = "[No Variations]"
Add component (AddParameter): Name = "Manufacturer Part Number"; Value = "06035A220JAT2A"; VariantName = "[No Variations]"
Added Component: Designator=C7(CAPC1508X09M/0603)
Add component. Clean all parameters for all variants
Add component (AddParameter): Name = "Capacitance"; Value = "1 µF"; VariantName = "[No Variations]"
Add component (AddParameter): Name = "Manufacturer"; Value = "Kyocera AVX"; VariantName = "[No Variations]"
Add component (AddParameter): Name = "Manufacturer Part Number"; Value = "06036D105KAT2A"; VariantName = "[No Variations]"
Added Component: Designator=DD1(SOJ200P1600X200-16M)
Add component. Clean all parameters for all variants
Add component (AddParameter): Name = "Category"; Value = "RF/IF and RFID"; VariantName = "[No Variations]"
Add component (AddParameter): Name = "Manufacturer"; Value = "RF Solutions"; VariantName = "[No Variations]"
Add component (AddParameter): Name = "Manufacturer Part Number"; Value = "RFM95W-868S2"; VariantName = "[No Variations]"
Added Component: Designator=DD2(SOT230P700X180-4M)
Add component. Clean all parameters for all variants
Add component (AddParameter): Name = "Manufacturer"; Value = "Texas Instruments"; VariantName = "[No Variations]"
Add component (AddParameter): Name = "Manufacturer Part Number"; Value = "LM1117MPX-3.3/NOPB"; VariantName = "[No Variations]"
Added Component: Designator=DD3(TQFP80P900X900X120-32M)
Add component. Clean all parameters for all variants
Add component (AddParameter): Name = "Manufacturer"; Value = "Microchip / Atmel"; VariantName = "[No Variations]"
Add component (AddParameter): Name = "Manufacturer Part Number"; Value = "ATMEGA328"; VariantName = "[No Variations]"
Added Component: Designator=R1(RESC3216X07N/1206)
Add component. Clean all parameters for all variants
Add component (AddParameter): Name = "Supplier 1"; Value = "Digi-Key"; VariantName = "[No Variations]"
Add component (AddParameter): Name = "Supplier Part Number 1"; Value = "541-10.0KFCT-ND"; VariantName = "[No Variations]"
Added Component: Designator=SB1(BTN_TACTILE_6X6)
Add component. Clean all parameters for all variants
Add component (AddParameter): Name = "Manufacturer"; Value = "TE Connectivity Alcoswitch"; VariantName = "[No Variations]"
Add component (AddParameter): Name = "Manufacturer Part Number"; Value = "1825910-6"; VariantName = "[No Variations]"
Add component (AddParameter): Name = "Pole Throw Configuration"; Value = "SPST"; VariantName = "[No Variations]"
Added Component: Designator=VD1(SOD-123)
Add component. Clean all parameters for all variants
Add component (AddParameter): Name = "Manufacturer"; Value = "ON Semiconductor"; VariantName = "[No Variations]"
Add component (AddParameter): Name = "Manufacturer Part Number"; Value = "MBR120VLSFT1G"; VariantName = "[No Variations]"
Added Component: Designator=X1(U.FL-R-SMT-1)
Add component. Clean all parameters for all variants
Added Component: Designator=X2(PLS_8)
Add component. Clean all parameters for all variants
Add component (AddParameter): Name = "Category"; Value = "Connector Headers and PCB Receptacles"; VariantName = "[No Variations]"
Add component (AddParameter): Name = "Manufacturer"; Value = "Harwin"; VariantName = "[No Variations]"
Add component (AddParameter): Name = "Manufacturer Part Number"; Value = "M20-7820842"; VariantName = "[No Variations]"
Add component (AddParameter): Name = "Number of Contacts"; Value = "8"; VariantName = "[No Variations]"
Add component (AddParameter): Name = "Number of Rows"; Value = "1"; VariantName = "[No Variations]"
Add component (AddParameter): Name = "Pitch"; Value = "2.54 mm"; VariantName = "[No Variations]"
Added Component: Designator=X3(PLS_8)
Add component. Clean all parameters for all variants
Add component (AddParameter): Name = "Category"; Value = "Connector Headers and PCB Receptacles"; VariantName = "[No Variations]"
Add component (AddParameter): Name = "Manufacturer"; Value = "Harwin"; VariantName = "[No Variations]"
Add component (AddParameter): Name = "Manufacturer Part Number"; Value = "M20-7820842"; VariantName = "[No Variations]"
Add component (AddParameter): Name = "Number of Contacts"; Value = "8"; VariantName = "[No Variations]"
Add component (AddParameter): Name = "Number of Rows"; Value = "1"; VariantName = "[No Variations]"
Add component (AddParameter): Name = "Pitch"; Value = "2.54 mm"; VariantName = "[No Variations]"
Added Component: Designator=X5(2EDGV-5.0-04P)
Add component. Clean all parameters for all variants
Add component (AddParameter): Name = "Manufacturer"; Value = "Phoenix Contact"; VariantName = "[No Variations]"
Add component (AddParameter): Name = "Manufacturer Part Number"; Value = "1753479"; VariantName = "[No Variations]"
Added Component: Designator=X6(2EDGV-5.0-04P)
Add component. Clean all parameters for all variants
Add component (AddParameter): Name = "Manufacturer"; Value = "Phoenix Contact"; VariantName = "[No Variations]"
Add component (AddParameter): Name = "Manufacturer Part Number"; Value = "1753479"; VariantName = "[No Variations]"
Added Component: Designator=X7(2EDGV-5.0-04P)
Add component. Clean all parameters for all variants
Add component (AddParameter): Name = "Manufacturer"; Value = "Phoenix Contact"; VariantName = "[No Variations]"
Add component (AddParameter): Name = "Manufacturer Part Number"; Value = "1753479"; VariantName = "[No Variations]"
Added Component: Designator=X8(2EDGV-5.0-04P)
Add component. Clean all parameters for all variants
Add component (AddParameter): Name = "Manufacturer"; Value = "Phoenix Contact"; VariantName = "[No Variations]"
Add component (AddParameter): Name = "Manufacturer Part Number"; Value = "1753479"; VariantName = "[No Variations]"
Added Component: Designator=X?(2EDGV-5.0-02P)
Add component. Clean all parameters for all variants
Add component (AddParameter): Name = "Manufacturer"; Value = "Phoenix Contact"; VariantName = "[No Variations]"
Add component (AddParameter): Name = "Manufacturer Part Number"; Value = "1753437"; VariantName = "[No Variations]"
Added Component: Designator=ZQ1(XTAL1050X465X350)
Add component. Clean all parameters for all variants
Add component (AddParameter): Name = "Category"; Value = "Crystals"; VariantName = "[No Variations]"
Add component (AddParameter): Name = "Frequency"; Value = "16 MHz"; VariantName = "[No Variations]"
Add component (AddParameter): Name = "Load Capacitance"; Value = "20 pF"; VariantName = "[No Variations]"
Add component (AddParameter): Name = "Manufacturer"; Value = "ECS International"; VariantName = "[No Variations]"
Add component (AddParameter): Name = "Manufacturer Part Number"; Value = "ECS-160-20-4X"; VariantName = "[No Variations]"
Added Pin To Net: NetName=+3V3 Pin=C2-2
Added Pin To Net: NetName=+3V3 Pin=C3-1
Added Pin To Net: NetName=+3V3 Pin=C4-2
Added Pin To Net: NetName=+3V3 Pin=DD2-3
Added Pin To Net: NetName=+3V3 Pin=DD3-4
Added Pin To Net: NetName=+3V3 Pin=DD3-6
Added Pin To Net: NetName=+3V3 Pin=R1-2
Added Pin To Net: NetName=+3V3 Pin=X5-1
Added Pin To Net: NetName=+3V3 Pin=X6-1
Added Pin To Net: NetName=+3V3 Pin=X7-1
Added Pin To Net: NetName=+3V3 Pin=X8-1
Added Net: Name=+3V3
Added Pin To Net: NetName=GND Pin=C1-1
Added Pin To Net: NetName=GND Pin=C2-1
Added Pin To Net: NetName=GND Pin=C3-2
Added Pin To Net: NetName=GND Pin=C4-1
Added Pin To Net: NetName=GND Pin=C5-2
Added Pin To Net: NetName=GND Pin=C6-2
Added Pin To Net: NetName=GND Pin=C7-2
Added Pin To Net: NetName=GND Pin=DD1-2
Added Pin To Net: NetName=GND Pin=DD1-9
Added Pin To Net: NetName=GND Pin=DD1-16
Added Pin To Net: NetName=GND Pin=DD2-2
Added Pin To Net: NetName=GND Pin=DD3-3
Added Pin To Net: NetName=GND Pin=DD3-5
Added Pin To Net: NetName=GND Pin=DD3-21
Added Pin To Net: NetName=GND Pin=SB1-1
Added Pin To Net: NetName=GND Pin=SB1-2
Added Pin To Net: NetName=GND Pin=X1-2
Added Pin To Net: NetName=GND Pin=X1-3
Added Pin To Net: NetName=GND Pin=X2-2
Added Pin To Net: NetName=GND Pin=X3-1
Added Pin To Net: NetName=GND Pin=X3-8
Added Pin To Net: NetName=GND Pin=X5-4
Added Pin To Net: NetName=GND Pin=X6-4
Added Pin To Net: NetName=GND Pin=X7-4
Added Pin To Net: NetName=GND Pin=X8-4
Added Pin To Net: NetName=GND Pin=X?-2
Added Net: Name=GND
Added Pin To Net: NetName=NetC1_2 Pin=C1-2
Added Pin To Net: NetName=NetC1_2 Pin=DD2-1
Added Pin To Net: NetName=NetC1_2 Pin=VD1-K
Added Net: Name=NetC1_2
Added Pin To Net: NetName=NetC5_1 Pin=C5-1
Added Pin To Net: NetName=NetC5_1 Pin=DD3-7
Added Pin To Net: NetName=NetC5_1 Pin=ZQ1-2
Added Net: Name=NetC5_1
Added Pin To Net: NetName=NetC6_1 Pin=C6-1
Added Pin To Net: NetName=NetC6_1 Pin=DD3-8
Added Pin To Net: NetName=NetC6_1 Pin=ZQ1-1
Added Net: Name=NetC6_1
Added Pin To Net: NetName=NetC7_1 Pin=C7-1
Added Pin To Net: NetName=NetC7_1 Pin=DD3-20
Added Net: Name=NetC7_1
Added Pin To Net: NetName=NetDD1_1 Pin=DD1-1
Added Pin To Net: NetName=NetDD1_1 Pin=X1-1
Added Net: Name=NetDD1_1
Added Pin To Net: NetName=NetDD1_3 Pin=DD1-3
Added Pin To Net: NetName=NetDD1_3 Pin=X2-3
Added Net: Name=NetDD1_3
Added Pin To Net: NetName=NetDD1_4 Pin=DD1-4
Added Pin To Net: NetName=NetDD1_4 Pin=X2-4
Added Net: Name=NetDD1_4
Added Pin To Net: NetName=NetDD1_5 Pin=DD1-5
Added Pin To Net: NetName=NetDD1_5 Pin=X2-5
Added Net: Name=NetDD1_5
Added Pin To Net: NetName=NetDD1_6 Pin=DD1-6
Added Pin To Net: NetName=NetDD1_6 Pin=X2-6
Added Net: Name=NetDD1_6
Added Pin To Net: NetName=NetDD1_7 Pin=DD1-7
Added Pin To Net: NetName=NetDD1_7 Pin=X2-7
Added Net: Name=NetDD1_7
Added Pin To Net: NetName=NetDD1_8 Pin=DD1-8
Added Pin To Net: NetName=NetDD1_8 Pin=X2-8
Added Net: Name=NetDD1_8
Added Pin To Net: NetName=NetDD1_10 Pin=DD1-10
Added Pin To Net: NetName=NetDD1_10 Pin=X3-7
Added Net: Name=NetDD1_10
Added Pin To Net: NetName=NetDD1_11 Pin=DD1-11
Added Pin To Net: NetName=NetDD1_11 Pin=X3-6
Added Net: Name=NetDD1_11
Added Pin To Net: NetName=NetDD1_12 Pin=DD1-12
Added Pin To Net: NetName=NetDD1_12 Pin=X3-5
Added Net: Name=NetDD1_12
Added Pin To Net: NetName=NetDD1_13 Pin=DD1-13
Added Pin To Net: NetName=NetDD1_13 Pin=X3-4
Added Net: Name=NetDD1_13
Added Pin To Net: NetName=NetDD1_14 Pin=DD1-14
Added Pin To Net: NetName=NetDD1_14 Pin=X3-3
Added Net: Name=NetDD1_14
Added Pin To Net: NetName=NetDD1_15 Pin=DD1-15
Added Pin To Net: NetName=NetDD1_15 Pin=X3-2
Added Net: Name=NetDD1_15
Added Pin To Net: NetName=NetVD1_A Pin=VD1-A
Added Pin To Net: NetName=NetVD1_A Pin=X?-1
Added Net: Name=NetVD1_A
Added Pin To Net: NetName=RST Pin=DD3-29
Added Pin To Net: NetName=RST Pin=R1-1
Added Pin To Net: NetName=RST Pin=SB1-3
Added Pin To Net: NetName=RST Pin=SB1-4
Added Net: Name=RST
Added Pin To Net: NetName=SCL Pin=DD3-28
Added Pin To Net: NetName=SCL Pin=X5-2
Added Pin To Net: NetName=SCL Pin=X6-2
Added Pin To Net: NetName=SCL Pin=X7-2
Added Pin To Net: NetName=SCL Pin=X8-2
Added Net: Name=SCL
Added Pin To Net: NetName=SDA Pin=DD3-27
Added Pin To Net: NetName=SDA Pin=X5-3
Added Pin To Net: NetName=SDA Pin=X6-3
Added Pin To Net: NetName=SDA Pin=X7-3
Added Pin To Net: NetName=SDA Pin=X8-3
Added Net: Name=SDA
Added Class: Name=merigold
Added Room: Name=merigold
