Removed Pin From Net: NetName=D12 Pin=DD1-10
Removed Pin From Net: NetName=D11 Pin=DD1-11
Removed Pin From Net: NetName=D13 Pin=DD1-12
Removed Pin From Net: NetName=D13 Pin=X3-5
Removed Pin From Net: NetName=D11 Pin=X3-6
Removed Pin From Net: NetName=D12 Pin=X3-7
Change Component Footprint: Designator=X1 Old Footprint=U.FL-R-SMT-1 New Footprint=U.FL-R-SMT-1
Added Component: Designator=X9(PLS_3)
Add component. Clean all parameters for all variants
Add component (AddParameter): Name = "1"; Value = ""; VariantName = "[No Variations]"
Add component (AddParameter): Name = "2"; Value = ""; VariantName = "[No Variations]"
Add component (AddParameter): Name = "3"; Value = ""; VariantName = "[No Variations]"
Add component (AddParameter): Name = "Category"; Value = "Connectors, Interconnects"; VariantName = "[No Variations]"
Add component (AddParameter): Name = "Manufacturer"; Value = "Wurth Electronics"; VariantName = "[No Variations]"
Add component (AddParameter): Name = "Manufacturer Part Number"; Value = "61300311121"; VariantName = "[No Variations]"
Add component (AddParameter): Name = "Number of Contacts"; Value = "3"; VariantName = "[No Variations]"
Add component (AddParameter): Name = "Number of Positions"; Value = "3"; VariantName = "[No Variations]"
Add component (AddParameter): Name = "Number of Rows"; Value = "1"; VariantName = "[No Variations]"
Add component (AddParameter): Name = "Pitch"; Value = "0.100" (2.54mm)"; VariantName = "[No Variations]"
Added Pin To Net: NetName=D13 Pin=X9-1
Added Pin To Net: NetName=D11 Pin=X9-2
Added Pin To Net: NetName=D12 Pin=X9-3
Added Pin To Net: NetName=NetDD1_10 Pin=DD1-10
Added Pin To Net: NetName=NetDD1_10 Pin=X3-7
Added Net: Name=NetDD1_10
Added Pin To Net: NetName=NetDD1_11 Pin=DD1-11
Added Pin To Net: NetName=NetDD1_11 Pin=X3-6
Added Net: Name=NetDD1_11
Added Pin To Net: NetName=NetDD1_12 Pin=DD1-12
Added Pin To Net: NetName=NetDD1_12 Pin=X3-5
Added Net: Name=NetDD1_12
Added Member To Class: ClassName=merigold Member=Component X9 61300311121
