Change Component Description : Designator=X1 Old Description= New Description=CONN U.FL RCPT STR 50 OHM SMD
Change component parameters: Designator = "X1"; Footprint = "U.FL-R-SMT-1"; UniqueID = "\FNPXPNBL"
Change component parameters. Clean all parameters for all variants
Change component parameters (AddParameter): Name = "Category"; Value = "Connectors, Interconnects"; VariantName = "[No Variations]"
Change component parameters (AddParameter): Name = "Manufacturer"; Value = "Hirose"; VariantName = "[No Variations]"
Change component parameters (AddParameter): Name = "Manufacturer Part Number"; Value = "U.FL-R-SMT-1(10)"; VariantName = "[No Variations]"
Added Component: Designator=C1(CAPC2012X14M/0805)
Add component. Clean all parameters for all variants
Add component (AddParameter): Name = "Capacitance"; Value = "10 µF"; VariantName = "[No Variations]"
Add component (AddParameter): Name = "Manufacturer"; Value = "Samsung Electro-Mechanics"; VariantName = "[No Variations]"
Add component (AddParameter): Name = "Manufacturer Part Number"; Value = "CL21A106KPFNNNG"; VariantName = "[No Variations]"
Added Component: Designator=C2(CAPC2012X14M/0805)
Add component. Clean all parameters for all variants
Add component (AddParameter): Name = "Capacitance"; Value = "10 µF"; VariantName = "[No Variations]"
Add component (AddParameter): Name = "Manufacturer"; Value = "Samsung Electro-Mechanics"; VariantName = "[No Variations]"
Add component (AddParameter): Name = "Manufacturer Part Number"; Value = "CL21A106KPFNNNG"; VariantName = "[No Variations]"
Added Component: Designator=C3(CAPC1508X09M/0603)
Add component. Clean all parameters for all variants
Add component (AddParameter): Name = "Capacitance"; Value = "1 µF"; VariantName = "[No Variations]"
Add component (AddParameter): Name = "Manufacturer"; Value = "Kyocera AVX"; VariantName = "[No Variations]"
Add component (AddParameter): Name = "Manufacturer Part Number"; Value = "06036D105KAT2A"; VariantName = "[No Variations]"
Added Component: Designator=C4(CAPC1508X09M/0603)
Add component. Clean all parameters for all variants
Add component (AddParameter): Name = "Capacitance"; Value = "1 µF"; VariantName = "[No Variations]"
Add component (AddParameter): Name = "Manufacturer"; Value = "Kyocera AVX"; VariantName = "[No Variations]"
Add component (AddParameter): Name = "Manufacturer Part Number"; Value = "06036D105KAT2A"; VariantName = "[No Variations]"
Added Component: Designator=C5(CAPC1508X09M/0603)
Add component. Clean all parameters for all variants
Add component (AddParameter): Name = "Capacitance"; Value = "1 µF"; VariantName = "[No Variations]"
Add component (AddParameter): Name = "Manufacturer"; Value = "Kyocera AVX"; VariantName = "[No Variations]"
Add component (AddParameter): Name = "Manufacturer Part Number"; Value = "06036D105KAT2A"; VariantName = "[No Variations]"
Added Component: Designator=C6(CAPC1508X09M/0603)
Add component. Clean all parameters for all variants
Add component (AddParameter): Name = "Capacitance"; Value = "1 µF"; VariantName = "[No Variations]"
Add component (AddParameter): Name = "Manufacturer"; Value = "Kyocera AVX"; VariantName = "[No Variations]"
Add component (AddParameter): Name = "Manufacturer Part Number"; Value = "06036D105KAT2A"; VariantName = "[No Variations]"
Added Component: Designator=C7(CAPC1508X09M/0603)
Add component. Clean all parameters for all variants
Add component (AddParameter): Name = "Capacitance"; Value = "22 pF"; VariantName = "[No Variations]"
Add component (AddParameter): Name = "Manufacturer"; Value = "AVX"; VariantName = "[No Variations]"
Add component (AddParameter): Name = "Manufacturer Part Number"; Value = "06035A220JAT2A"; VariantName = "[No Variations]"
Added Component: Designator=C8(CAPC1508X09M/0603)
Add component. Clean all parameters for all variants
Add component (AddParameter): Name = "Capacitance"; Value = "22 pF"; VariantName = "[No Variations]"
Add component (AddParameter): Name = "Manufacturer"; Value = "AVX"; VariantName = "[No Variations]"
Add component (AddParameter): Name = "Manufacturer Part Number"; Value = "06035A220JAT2A"; VariantName = "[No Variations]"
Added Component: Designator=DD2(SOT230P700X180-4M)
Add component. Clean all parameters for all variants
Add component (AddParameter): Name = "Manufacturer"; Value = "Texas Instruments"; VariantName = "[No Variations]"
Add component (AddParameter): Name = "Manufacturer Part Number"; Value = "LM1117MPX-3.3/NOPB"; VariantName = "[No Variations]"
Added Component: Designator=DD3(PDIP28)
Add component. Clean all parameters for all variants
Add component (AddParameter): Name = "Manufacturer"; Value = "Microchip / Atmel"; VariantName = "[No Variations]"
Add component (AddParameter): Name = "Manufacturer Part Number"; Value = "ATMEGA328P-PU"; VariantName = "[No Variations]"
Added Component: Designator=R1(RESC3216X07N/1206)
Add component. Clean all parameters for all variants
Add component (AddParameter): Name = "Manufacturer"; Value = "Panasonic"; VariantName = "[No Variations]"
Add component (AddParameter): Name = "Manufacturer Part Number"; Value = "ERJ8ENF1002V"; VariantName = "[No Variations]"
Add component (AddParameter): Name = "Rated Power"; Value = "0.25 W"; VariantName = "[No Variations]"
Add component (AddParameter): Name = "Resistance"; Value = "10 kO"; VariantName = "[No Variations]"
Add component (AddParameter): Name = "Tolerance (%)"; Value = "±1 %"; VariantName = "[No Variations]"
Added Component: Designator=R4(RESC1608X06N/0603)
Add component. Clean all parameters for all variants
Add component (AddParameter): Name = "Manufacturer"; Value = "ESR03EZPF1003"; VariantName = "[No Variations]"
Add component (AddParameter): Name = "Manufacturer Part Number"; Value = "ESR03EZPF1003"; VariantName = "[No Variations]"
Added Component: Designator=R5(RESC1608X06N/0603)
Add component. Clean all parameters for all variants
Add component (AddParameter): Name = "Manufacturer"; Value = "ESR03EZPF1003"; VariantName = "[No Variations]"
Add component (AddParameter): Name = "Manufacturer Part Number"; Value = "ESR03EZPF1003"; VariantName = "[No Variations]"
Added Component: Designator=SB1(BTN_TACTILE_6X6)
Add component. Clean all parameters for all variants
Add component (AddParameter): Name = "Manufacturer"; Value = "TE Connectivity Alcoswitch"; VariantName = "[No Variations]"
Add component (AddParameter): Name = "Manufacturer Part Number"; Value = "1825910-6"; VariantName = "[No Variations]"
Add component (AddParameter): Name = "Pole Throw Configuration"; Value = "SPST"; VariantName = "[No Variations]"
Added Component: Designator=VD1(SOD-123)
Add component. Clean all parameters for all variants
Add component (AddParameter): Name = "Manufacturer"; Value = "ON Semiconductor"; VariantName = "[No Variations]"
Add component (AddParameter): Name = "Manufacturer Part Number"; Value = "MBR120VLSFT1G"; VariantName = "[No Variations]"
Added Component: Designator=X4(2EDGV-5.0-02P)
Add component. Clean all parameters for all variants
Add component (AddParameter): Name = "Manufacturer"; Value = "Phoenix Contact"; VariantName = "[No Variations]"
Add component (AddParameter): Name = "Manufacturer Part Number"; Value = "1753437"; VariantName = "[No Variations]"
Added Component: Designator=X5(2EDGV-5.0-04P)
Add component. Clean all parameters for all variants
Add component (AddParameter): Name = "Manufacturer"; Value = "Phoenix Contact"; VariantName = "[No Variations]"
Add component (AddParameter): Name = "Manufacturer Part Number"; Value = "1753479"; VariantName = "[No Variations]"
Added Component: Designator=X6(2EDGV-5.0-04P)
Add component. Clean all parameters for all variants
Add component (AddParameter): Name = "Manufacturer"; Value = "Phoenix Contact"; VariantName = "[No Variations]"
Add component (AddParameter): Name = "Manufacturer Part Number"; Value = "1753479"; VariantName = "[No Variations]"
Added Component: Designator=X7(2EDGV-5.0-04P)
Add component. Clean all parameters for all variants
Add component (AddParameter): Name = "Manufacturer"; Value = "Phoenix Contact"; VariantName = "[No Variations]"
Add component (AddParameter): Name = "Manufacturer Part Number"; Value = "1753479"; VariantName = "[No Variations]"
Added Component: Designator=X8(2EDGV-5.0-04P)
Add component. Clean all parameters for all variants
Add component (AddParameter): Name = "Manufacturer"; Value = "Phoenix Contact"; VariantName = "[No Variations]"
Add component (AddParameter): Name = "Manufacturer Part Number"; Value = "1753479"; VariantName = "[No Variations]"
Added Component: Designator=X11(302_SERIES_10POS)
Add component. Clean all parameters for all variants
Add component (AddParameter): Name = "Category"; Value = "Connectors, Interconnects"; VariantName = "[No Variations]"
Add component (AddParameter): Name = "Manufacturer"; Value = "On-Shore Technology"; VariantName = "[No Variations]"
Add component (AddParameter): Name = "Manufacturer Part Number"; Value = "302-S101"; VariantName = "[No Variations]"
Add component (AddParameter): Name = "ManufacturerPartNumber"; Value = "302-S101"; VariantName = "[No Variations]"
Add component (AddParameter): Name = "Number of Positions"; Value = "10"; VariantName = "[No Variations]"
Add component (AddParameter): Name = "Number of Rows"; Value = "2"; VariantName = "[No Variations]"
Add component (AddParameter): Name = "Pitch"; Value = "0.100" (2.54mm)"; VariantName = "[No Variations]"
Added Component: Designator=X12(PLS_4)
Add component. Clean all parameters for all variants
Add component (AddParameter): Name = "1"; Value = ""; VariantName = "[No Variations]"
Add component (AddParameter): Name = "2"; Value = ""; VariantName = "[No Variations]"
Add component (AddParameter): Name = "3"; Value = ""; VariantName = "[No Variations]"
Add component (AddParameter): Name = "4"; Value = ""; VariantName = "[No Variations]"
Add component (AddParameter): Name = "Category"; Value = "Connectors, Interconnects"; VariantName = "[No Variations]"
Add component (AddParameter): Name = "Manufacturer"; Value = "Wurth Electronics"; VariantName = "[No Variations]"
Add component (AddParameter): Name = "Manufacturer Part Number"; Value = "61300411121"; VariantName = "[No Variations]"
Add component (AddParameter): Name = "Number of Contacts"; Value = "3"; VariantName = "[No Variations]"
Add component (AddParameter): Name = "Number of Positions"; Value = "3"; VariantName = "[No Variations]"
Add component (AddParameter): Name = "Number of Rows"; Value = "1"; VariantName = "[No Variations]"
Add component (AddParameter): Name = "Pitch"; Value = "0.100" (2.54mm)"; VariantName = "[No Variations]"
Added Component: Designator=ZQ1(XTAL1050X465X350)
Add component. Clean all parameters for all variants
Add component (AddParameter): Name = "Category"; Value = "Crystals"; VariantName = "[No Variations]"
Add component (AddParameter): Name = "Frequency"; Value = "8 MHz"; VariantName = "[No Variations]"
Add component (AddParameter): Name = "Load Capacitance"; Value = "30 pF"; VariantName = "[No Variations]"
Add component (AddParameter): Name = "Manufacturer"; Value = "IQD Frequency Products"; VariantName = "[No Variations]"
Add component (AddParameter): Name = "Manufacturer Part Number"; Value = "HC49U-8-30-50-70-30-ATF"; VariantName = "[No Variations]"
Added Pin To Net: NetName=GND Pin=C1-1
Added Pin To Net: NetName=GND Pin=C2-1
Added Pin To Net: NetName=GND Pin=C3-2
Added Pin To Net: NetName=GND Pin=C4-1
Added Pin To Net: NetName=GND Pin=C5-1
Added Pin To Net: NetName=GND Pin=C6-1
Added Pin To Net: NetName=GND Pin=C7-2
Added Pin To Net: NetName=GND Pin=C8-2
Added Pin To Net: NetName=GND Pin=DD2-2
Added Pin To Net: NetName=GND Pin=DD3-8
Added Pin To Net: NetName=GND Pin=DD3-22
Added Pin To Net: NetName=GND Pin=R5-1
Added Pin To Net: NetName=GND Pin=SB1-1
Added Pin To Net: NetName=GND Pin=SB1-2
Added Pin To Net: NetName=GND Pin=X4-2
Added Pin To Net: NetName=GND Pin=X5-4
Added Pin To Net: NetName=GND Pin=X6-4
Added Pin To Net: NetName=GND Pin=X7-4
Added Pin To Net: NetName=GND Pin=X8-4
Added Pin To Net: NetName=GND Pin=X11-4
Added Pin To Net: NetName=GND Pin=X11-6
Added Pin To Net: NetName=GND Pin=X11-8
Added Pin To Net: NetName=GND Pin=X11-10
Added Pin To Net: NetName=GND Pin=X12-4
Change Net Name : Old Net Name=NetDD1_1 New Net Name=ANT
Added Pin To Net: NetName=+3V3 Pin=C2-2
Added Pin To Net: NetName=+3V3 Pin=C3-1
Added Pin To Net: NetName=+3V3 Pin=C4-2
Added Pin To Net: NetName=+3V3 Pin=C6-2
Added Pin To Net: NetName=+3V3 Pin=DD1-5
Added Pin To Net: NetName=+3V3 Pin=DD2-3
Added Pin To Net: NetName=+3V3 Pin=DD3-7
Added Pin To Net: NetName=+3V3 Pin=DD3-20
Added Pin To Net: NetName=+3V3 Pin=R1-2
Added Pin To Net: NetName=+3V3 Pin=X2-5
Added Pin To Net: NetName=+3V3 Pin=X5-1
Added Pin To Net: NetName=+3V3 Pin=X6-1
Added Pin To Net: NetName=+3V3 Pin=X7-1
Added Pin To Net: NetName=+3V3 Pin=X8-1
Added Pin To Net: NetName=+3V3 Pin=X11-2
Added Pin To Net: NetName=+3V3 Pin=X12-1
Added Net: Name=+3V3
Added Pin To Net: NetName=A0 Pin=DD3-23
Added Pin To Net: NetName=A0 Pin=R4-1
Added Pin To Net: NetName=A0 Pin=R5-2
Added Net: Name=A0
Added Pin To Net: NetName=D2 Pin=DD1-6
Added Pin To Net: NetName=D2 Pin=DD3-4
Added Pin To Net: NetName=D2 Pin=X2-6
Added Net: Name=D2
Added Pin To Net: NetName=D3 Pin=DD1-7
Added Pin To Net: NetName=D3 Pin=DD3-5
Added Pin To Net: NetName=D3 Pin=X2-7
Added Net: Name=D3
Added Pin To Net: NetName=D5 Pin=DD1-14
Added Pin To Net: NetName=D5 Pin=DD3-11
Added Pin To Net: NetName=D5 Pin=X3-3
Added Net: Name=D5
Added Pin To Net: NetName=D10 Pin=DD1-13
Added Pin To Net: NetName=D10 Pin=DD3-16
Added Pin To Net: NetName=D10 Pin=X3-4
Added Net: Name=D10
Added Pin To Net: NetName=D11 Pin=DD1-11
Added Pin To Net: NetName=D11 Pin=DD3-17
Added Pin To Net: NetName=D11 Pin=X3-6
Added Pin To Net: NetName=D11 Pin=X11-1
Added Net: Name=D11
Added Pin To Net: NetName=D12 Pin=DD1-10
Added Pin To Net: NetName=D12 Pin=DD3-18
Added Pin To Net: NetName=D12 Pin=X3-7
Added Pin To Net: NetName=D12 Pin=X11-9
Added Net: Name=D12
Added Pin To Net: NetName=D13 Pin=DD1-12
Added Pin To Net: NetName=D13 Pin=DD3-19
Added Pin To Net: NetName=D13 Pin=X3-5
Added Pin To Net: NetName=D13 Pin=X11-7
Added Net: Name=D13
Added Pin To Net: NetName=NetC1_2 Pin=C1-2
Added Pin To Net: NetName=NetC1_2 Pin=DD2-1
Added Pin To Net: NetName=NetC1_2 Pin=VD1-K
Added Net: Name=NetC1_2
Added Pin To Net: NetName=NetC5_2 Pin=C5-2
Added Pin To Net: NetName=NetC5_2 Pin=DD3-21
Added Net: Name=NetC5_2
Added Pin To Net: NetName=NetC7_1 Pin=C7-1
Added Pin To Net: NetName=NetC7_1 Pin=DD3-9
Added Pin To Net: NetName=NetC7_1 Pin=ZQ1-2
Added Net: Name=NetC7_1
Added Pin To Net: NetName=NetC8_1 Pin=C8-1
Added Pin To Net: NetName=NetC8_1 Pin=DD3-10
Added Pin To Net: NetName=NetC8_1 Pin=ZQ1-1
Added Net: Name=NetC8_1
Added Pin To Net: NetName=NetR4_2 Pin=R4-2
Added Pin To Net: NetName=NetR4_2 Pin=VD1-A
Added Pin To Net: NetName=NetR4_2 Pin=X4-1
Added Net: Name=NetR4_2
Added Pin To Net: NetName=RST Pin=DD3-1
Added Pin To Net: NetName=RST Pin=R1-1
Added Pin To Net: NetName=RST Pin=SB1-3
Added Pin To Net: NetName=RST Pin=SB1-4
Added Pin To Net: NetName=RST Pin=X11-5
Added Net: Name=RST
Added Pin To Net: NetName=RXD Pin=DD3-2
Added Pin To Net: NetName=RXD Pin=X12-2
Added Net: Name=RXD
Added Pin To Net: NetName=SCL Pin=DD3-28
Added Pin To Net: NetName=SCL Pin=X5-2
Added Pin To Net: NetName=SCL Pin=X6-2
Added Pin To Net: NetName=SCL Pin=X7-2
Added Pin To Net: NetName=SCL Pin=X8-2
Added Net: Name=SCL
Added Pin To Net: NetName=SDA Pin=DD3-27
Added Pin To Net: NetName=SDA Pin=X5-3
Added Pin To Net: NetName=SDA Pin=X6-3
Added Pin To Net: NetName=SDA Pin=X7-3
Added Pin To Net: NetName=SDA Pin=X8-3
Added Net: Name=SDA
Added Pin To Net: NetName=TXD Pin=DD3-3
Added Pin To Net: NetName=TXD Pin=X12-3
Added Net: Name=TXD
Added Member To Class: ClassName=merigold Member=Component C1 10U10V_CAPC
Added Member To Class: ClassName=merigold Member=Component C2 10U10V_CAPC
Added Member To Class: ClassName=merigold Member=Component C3 1U6V3_CAPC
Added Member To Class: ClassName=merigold Member=Component C4 1U6V3_CAPC
Added Member To Class: ClassName=merigold Member=Component C5 1U6V3_CAPC
Added Member To Class: ClassName=merigold Member=Component C6 1U6V3_CAPC
Added Member To Class: ClassName=merigold Member=Component C7 22P50V_CAPC
Added Member To Class: ClassName=merigold Member=Component C8 22P50V_CAPC
Added Member To Class: ClassName=merigold Member=Component DD2 LM1117MPX-3.3/NOPB
Added Member To Class: ClassName=merigold Member=Component DD3 ATMEGA328
Added Member To Class: ClassName=merigold Member=Component R1 10K1206
Added Member To Class: ClassName=merigold Member=Component R4 100K0603
Added Member To Class: ClassName=merigold Member=Component R5 100K0603
Added Member To Class: ClassName=merigold Member=Component SB1 BTN_TACTILE_6X6
Added Member To Class: ClassName=merigold Member=Component VD1 MBR120VLSFT1G
Added Member To Class: ClassName=merigold Member=Component X4 2EDGV-5.0-02P
Added Member To Class: ClassName=merigold Member=Component X5 2EDGV-5.0-04P
Added Member To Class: ClassName=merigold Member=Component X6 2EDGV-5.0-04P
Added Member To Class: ClassName=merigold Member=Component X7 2EDGV-5.0-04P
Added Member To Class: ClassName=merigold Member=Component X8 2EDGV-5.0-04P
Added Member To Class: ClassName=merigold Member=Component X11 ISP
Added Member To Class: ClassName=merigold Member=Component X12 61300411121
Added Member To Class: ClassName=merigold Member=Component ZQ1 HC49U-8-30-50-70-30-ATF
