Removed Pin From Net: NetName=D11 Pin=R7-1
Removed Pin From Net: NetName=D13 Pin=R8-1
Removed Pin From Net: NetName=D12 Pin=R9-1
Removed Pin From Net: NetName=D13 Pin=X9-1
Removed Pin From Net: NetName=D11 Pin=X9-2
Removed Pin From Net: NetName=D12 Pin=X9-3
Removed Pin From Net: NetName=+3V3 Pin=X11-2
Removed Pin From Net: NetName=GND Pin=X11-4
Removed Pin From Net: NetName=RST Pin=X11-5
Removed Pin From Net: NetName=GND Pin=X11-6
Removed Pin From Net: NetName=GND Pin=X11-8
Removed Pin From Net: NetName=GND Pin=X11-10
Removed Member From Class: ClassName=merigold Member=R7
Removed Member From Class: ClassName=merigold Member=R8
Removed Member From Class: ClassName=merigold Member=R9
Removed Member From Class: ClassName=merigold Member=X9
Removed Member From Class: ClassName=merigold Member=X11
Added Pin To Net: NetName=D12 Pin=DD1-10
Added Pin To Net: NetName=D11 Pin=DD1-11
Added Pin To Net: NetName=D13 Pin=DD1-12
Added Pin To Net: NetName=D13 Pin=X3-5
Added Pin To Net: NetName=D11 Pin=X3-6
Added Pin To Net: NetName=D12 Pin=X3-7
Added Member To Class: ClassName=merigold Member=Component TP2 TP_TH
