Change Component Comment : Designator=ZQ1 Old Comment=16MHZ_XTAL New Comment=HC49U-8-30-50-70-30-ATF
Change component parameters: Designator = "ZQ1"; Footprint = "XTAL1050X465X350"; UniqueID = "\IXFTOOPR"
Change component parameters. Clean all parameters for all variants
Change component parameters (AddParameter): Name = "Category"; Value = "Crystals"; VariantName = "[No Variations]"
Change component parameters (AddParameter): Name = "Frequency"; Value = "8 MHz"; VariantName = "[No Variations]"
Change component parameters (AddParameter): Name = "Load Capacitance"; Value = "30 pF"; VariantName = "[No Variations]"
Change component parameters (AddParameter): Name = "Manufacturer"; Value = "IQD Frequency Products"; VariantName = "[No Variations]"
Change component parameters (AddParameter): Name = "Manufacturer Part Number"; Value = "HC49U-8-30-50-70-30-ATF"; VariantName = "[No Variations]"
Added Component: Designator=R2(RESC1608X06N/0603)
Add component. Clean all parameters for all variants
Add component (AddParameter): Name = "Manufacturer"; Value = "Vishay Beyschlag"; VariantName = "[No Variations]"
Add component (AddParameter): Name = "Manufacturer Part Number"; Value = "MCT06030C1002FP500"; VariantName = "[No Variations]"
Add component (AddParameter): Name = "Power (Watts)"; Value = "0.125W, 1/8W"; VariantName = "[No Variations]"
Add component (AddParameter): Name = "Resistance (Ohms)"; Value = "10K"; VariantName = "[No Variations]"
Add component (AddParameter): Name = "Tolerance"; Value = "±1%"; VariantName = "[No Variations]"
Added Component: Designator=R3(RESC1608X06N/0603)
Add component. Clean all parameters for all variants
Add component (AddParameter): Name = "Manufacturer"; Value = "Vishay Beyschlag"; VariantName = "[No Variations]"
Add component (AddParameter): Name = "Manufacturer Part Number"; Value = "MCT06030C1002FP500"; VariantName = "[No Variations]"
Add component (AddParameter): Name = "Power (Watts)"; Value = "0.125W, 1/8W"; VariantName = "[No Variations]"
Add component (AddParameter): Name = "Resistance (Ohms)"; Value = "10K"; VariantName = "[No Variations]"
Add component (AddParameter): Name = "Tolerance"; Value = "±1%"; VariantName = "[No Variations]"
Added Component: Designator=R4(RESC1608X06N/0603)
Add component. Clean all parameters for all variants
Add component (AddParameter): Name = "Manufacturer"; Value = "ESR03EZPF1003"; VariantName = "[No Variations]"
Add component (AddParameter): Name = "Manufacturer Part Number"; Value = "ESR03EZPF1003"; VariantName = "[No Variations]"
Added Component: Designator=R5(RESC1608X06N/0603)
Add component. Clean all parameters for all variants
Add component (AddParameter): Name = "Manufacturer"; Value = "ESR03EZPF1003"; VariantName = "[No Variations]"
Add component (AddParameter): Name = "Manufacturer Part Number"; Value = "ESR03EZPF1003"; VariantName = "[No Variations]"
Added Component: Designator=VT1(TP-236 (SOT23))
Add component. Clean all parameters for all variants
Add component (AddParameter): Name = "Manufacturer"; Value = "Infineon Technologies"; VariantName = "[No Variations]"
Add component (AddParameter): Name = "Manufacturer Part Number"; Value = "IRLML6244TRPBF"; VariantName = "[No Variations]"
Added Component: Designator=X11(302_SERIES_10POS)
Add component. Clean all parameters for all variants
Add component (AddParameter): Name = "Category"; Value = "Connectors, Interconnects"; VariantName = "[No Variations]"
Add component (AddParameter): Name = "Manufacturer"; Value = "On-Shore Technology"; VariantName = "[No Variations]"
Add component (AddParameter): Name = "Manufacturer Part Number"; Value = "302-S101"; VariantName = "[No Variations]"
Add component (AddParameter): Name = "ManufacturerPartNumber"; Value = "302-S101"; VariantName = "[No Variations]"
Add component (AddParameter): Name = "Number of Positions"; Value = "10"; VariantName = "[No Variations]"
Add component (AddParameter): Name = "Number of Rows"; Value = "2"; VariantName = "[No Variations]"
Add component (AddParameter): Name = "Pitch"; Value = "0.100" (2.54mm)"; VariantName = "[No Variations]"
Added Component: Designator=X12(PLS_4)
Add component. Clean all parameters for all variants
Add component (AddParameter): Name = "1"; Value = ""; VariantName = "[No Variations]"
Add component (AddParameter): Name = "2"; Value = ""; VariantName = "[No Variations]"
Add component (AddParameter): Name = "3"; Value = ""; VariantName = "[No Variations]"
Add component (AddParameter): Name = "4"; Value = ""; VariantName = "[No Variations]"
Add component (AddParameter): Name = "Category"; Value = "Connectors, Interconnects"; VariantName = "[No Variations]"
Add component (AddParameter): Name = "Manufacturer"; Value = "Wurth Electronics"; VariantName = "[No Variations]"
Add component (AddParameter): Name = "Manufacturer Part Number"; Value = "61300411121"; VariantName = "[No Variations]"
Add component (AddParameter): Name = "Number of Contacts"; Value = "3"; VariantName = "[No Variations]"
Add component (AddParameter): Name = "Number of Positions"; Value = "3"; VariantName = "[No Variations]"
Add component (AddParameter): Name = "Number of Rows"; Value = "1"; VariantName = "[No Variations]"
Add component (AddParameter): Name = "Pitch"; Value = "0.100" (2.54mm)"; VariantName = "[No Variations]"
Added Pin To Net: NetName=GND Pin=R5-1
Added Pin To Net: NetName=+3V3 Pin=X11-2
Added Pin To Net: NetName=RST Pin=X11-5
Added Pin To Net: NetName=+3V3 Pin=X12-1
Added Pin To Net: NetName=GND Pin=X12-4
Added Pin To Net: NetName=A0 Pin=DD3-23
Added Pin To Net: NetName=A0 Pin=R4-1
Added Pin To Net: NetName=A0 Pin=R5-2
Added Net: Name=A0
Added Pin To Net: NetName=D2 Pin=DD3-4
Added Pin To Net: NetName=D2 Pin=X9-6
Added Net: Name=D2
Added Pin To Net: NetName=D3 Pin=DD3-5
Added Pin To Net: NetName=D3 Pin=X9-7
Added Net: Name=D3
Added Pin To Net: NetName=D5 Pin=DD3-11
Added Pin To Net: NetName=D5 Pin=X10-3
Added Net: Name=D5
Added Pin To Net: NetName=D10 Pin=DD3-16
Added Pin To Net: NetName=D10 Pin=X10-4
Added Net: Name=D10
Added Pin To Net: NetName=D11 Pin=DD3-17
Added Pin To Net: NetName=D11 Pin=X10-6
Added Pin To Net: NetName=D11 Pin=X11-1
Added Net: Name=D11
Added Pin To Net: NetName=D12 Pin=DD3-18
Added Pin To Net: NetName=D12 Pin=X10-7
Added Pin To Net: NetName=D12 Pin=X11-9
Added Net: Name=D12
Added Pin To Net: NetName=D13 Pin=DD3-19
Added Pin To Net: NetName=D13 Pin=X10-5
Added Pin To Net: NetName=D13 Pin=X11-7
Added Net: Name=D13
Added Pin To Net: NetName=NetR2_1 Pin=R2-1
Added Pin To Net: NetName=NetR2_1 Pin=VT1-2
Added Net: Name=NetR2_1
Added Pin To Net: NetName=NetR2_2 Pin=R2-2
Added Pin To Net: NetName=NetR2_2 Pin=VT1-1
Added Net: Name=NetR2_2
Added Pin To Net: NetName=NetR3_1 Pin=R3-1
Added Pin To Net: NetName=NetR3_1 Pin=VT1-3
Added Net: Name=NetR3_1
Added Pin To Net: NetName=NetR3_2 Pin=R3-2
Added Net: Name=NetR3_2
Added Pin To Net: NetName=NetR4_2 Pin=R4-2
Added Pin To Net: NetName=NetR4_2 Pin=VD1-A
Added Pin To Net: NetName=NetR4_2 Pin=X4-1
Added Net: Name=NetR4_2
Added Pin To Net: NetName=NetX11_4 Pin=X11-4
Added Pin To Net: NetName=NetX11_4 Pin=X11-6
Added Pin To Net: NetName=NetX11_4 Pin=X11-8
Added Pin To Net: NetName=NetX11_4 Pin=X11-10
Added Net: Name=NetX11_4
Added Pin To Net: NetName=RXD Pin=DD3-2
Added Pin To Net: NetName=RXD Pin=X12-2
Added Net: Name=RXD
Added Pin To Net: NetName=TXD Pin=DD3-3
Added Pin To Net: NetName=TXD Pin=X12-3
Added Net: Name=TXD
Added Class: Name=level shifter
Added Member To Class: ClassName=merigold Member=Component R4 100K0603
Added Member To Class: ClassName=merigold Member=Component R5 100K0603
Added Member To Class: ClassName=merigold Member=Component X11 ISP
Added Member To Class: ClassName=merigold Member=Component X12 61300411121
Added Room: Name=level shifter
