Added Component: Designator=R2(RESAD800W55L600D230)
Add component. Clean all parameters for all variants
Add component (AddParameter): Name = "Category"; Value = "Resistors"; VariantName = "[No Variations]"
Add component (AddParameter): Name = "Manufacturer"; Value = "Stackpole Electronics"; VariantName = "[No Variations]"
Add component (AddParameter): Name = "Manufacturer Part Number"; Value = "RNF14FTD100K"; VariantName = "[No Variations]"
Add component (AddParameter): Name = "Power (Watts)"; Value = "0.25W, 1/4W"; VariantName = "[No Variations]"
Add component (AddParameter): Name = "Resistance (Ohms)"; Value = "100k"; VariantName = "[No Variations]"
Added Component: Designator=R3(RESAD800W55L600D230)
Add component. Clean all parameters for all variants
Add component (AddParameter): Name = "Category"; Value = "Resistors"; VariantName = "[No Variations]"
Add component (AddParameter): Name = "Manufacturer"; Value = "Stackpole Electronics"; VariantName = "[No Variations]"
Add component (AddParameter): Name = "Manufacturer Part Number"; Value = "RNF14FTD100K"; VariantName = "[No Variations]"
Add component (AddParameter): Name = "Power (Watts)"; Value = "0.25W, 1/4W"; VariantName = "[No Variations]"
Add component (AddParameter): Name = "Resistance (Ohms)"; Value = "100k"; VariantName = "[No Variations]"
Added Pin To Net: NetName=A0 Pin=R2-1
Added Pin To Net: NetName=NetR4_2 Pin=R2-2
Added Pin To Net: NetName=GND Pin=R3-1
Added Pin To Net: NetName=A0 Pin=R3-2
Change Net Name : Old Net Name=NetR4_2 New Net Name=NetR2_2
Added Member To Class: ClassName=merigold Member=Component R2 RNF14FTD100K
Added Member To Class: ClassName=merigold Member=Component R3 RNF14FTD100K
