Removed Pin From Net: NetName=GND Pin=C7-2
Removed Member From Class: ClassName=merigold Member=C7
Added Component: Designator=X?(PLS_8)
Add component. Clean all parameters for all variants
Add component (AddParameter): Name = "Category"; Value = "Connectors, Interconnects"; VariantName = "[No Variations]"
Add component (AddParameter): Name = "Manufacturer"; Value = "Wurth Electronics"; VariantName = "[No Variations]"
Add component (AddParameter): Name = "Manufacturer Part Number"; Value = "61300811121"; VariantName = "[No Variations]"
Add component (AddParameter): Name = "Number of Contacts"; Value = "8"; VariantName = "[No Variations]"
Add component (AddParameter): Name = "Number of Positions"; Value = "8"; VariantName = "[No Variations]"
Add component (AddParameter): Name = "Number of Rows"; Value = "1"; VariantName = "[No Variations]"
Add component (AddParameter): Name = "Pitch"; Value = "0.100" (2.54mm)"; VariantName = "[No Variations]"
Added Component: Designator=X?(PLS_8)
Add component. Clean all parameters for all variants
Add component (AddParameter): Name = "Category"; Value = "Connectors, Interconnects"; VariantName = "[No Variations]"
Add component (AddParameter): Name = "Manufacturer"; Value = "Wurth Electronics"; VariantName = "[No Variations]"
Add component (AddParameter): Name = "Manufacturer Part Number"; Value = "61300811121"; VariantName = "[No Variations]"
Add component (AddParameter): Name = "Number of Contacts"; Value = "8"; VariantName = "[No Variations]"
Add component (AddParameter): Name = "Number of Positions"; Value = "8"; VariantName = "[No Variations]"
Add component (AddParameter): Name = "Number of Rows"; Value = "1"; VariantName = "[No Variations]"
Add component (AddParameter): Name = "Pitch"; Value = "0.100" (2.54mm)"; VariantName = "[No Variations]"
Added Pin To Net: NetName=+3V3 Pin=X?-5
Change Net Name : Old Net Name=NetDD1_5 New Net Name=LORA_VCC
Change Net Name : Old Net Name=NetDD1_6 New Net Name=DIO0
Change Net Name : Old Net Name=NetDD1_7 New Net Name=DIO1
Change Net Name : Old Net Name=NetDD1_10 New Net Name=MISO
Change Net Name : Old Net Name=NetDD1_11 New Net Name=MOSI
Change Net Name : Old Net Name=NetDD1_12 New Net Name=SCK
Change Net Name : Old Net Name=NetDD1_13 New Net Name=NSS
Change Net Name : Old Net Name=NetDD1_14 New Net Name=LORA_RST
Added Pin To Net: NetName=ANT Pin=DD1-1
Added Pin To Net: NetName=ANT Pin=X1-1
Added Pin To Net: NetName=ANT Pin=X2-1
Added Net: Name=ANT
Added Pin To Net: NetName=MCU_D4 Pin=DD3-6
Added Pin To Net: NetName=MCU_D4 Pin=X?-3
Added Net: Name=MCU_D4
Added Pin To Net: NetName=MCU_D5 Pin=DD3-11
Added Pin To Net: NetName=MCU_D5 Pin=X?-7
Added Net: Name=MCU_D5
Added Pin To Net: NetName=MCU_D7 Pin=DD3-13
Added Pin To Net: NetName=MCU_D7 Pin=X?-6
Added Net: Name=MCU_D7
Added Pin To Net: NetName=MCU_D8 Pin=DD3-14
Added Pin To Net: NetName=MCU_D8 Pin=X?-4
Added Net: Name=MCU_D8
Added Pin To Net: NetName=MCU_MISO Pin=DD3-18
Added Pin To Net: NetName=MCU_MISO Pin=X?-7
Added Net: Name=MCU_MISO
Added Pin To Net: NetName=MCU_MOSI Pin=DD3-17
Added Pin To Net: NetName=MCU_MOSI Pin=X?-6
Added Net: Name=MCU_MOSI
Added Pin To Net: NetName=MCU_SCK Pin=DD3-19
Added Pin To Net: NetName=MCU_SCK Pin=X?-5
Added Net: Name=MCU_SCK
Added Member To Class: ClassName=merigold Member=Component C5 1U6V3_CAPC
Added Member To Class: ClassName=merigold Member=Component C6 1U6V3_CAPC
Added Member To Class: ClassName=merigold Member=Component DD1 HPD13A (RFM95)
Added Member To Class: ClassName=merigold Member=Component X1 U.FL-R-SMT-1_sch
Added Member To Class: ClassName=merigold Member=Component X? PLS_8
Added Member To Class: ClassName=merigold Member=Component X? PLS_8
Added Room: Name=merigold
