Removed Pin From Net: NetName=D11 Pin=X11-1
Removed Pin From Net: NetName=D13 Pin=X11-7
Removed Pin From Net: NetName=D12 Pin=X11-9
Added Component: Designator=R7(RESC3216X07N/1206)
Add component. Clean all parameters for all variants
Add component (AddParameter): Name = "Manufacturer"; Value = "Vishay Dale"; VariantName = "[No Variations]"
Add component (AddParameter): Name = "Manufacturer Part Number"; Value = "CRCW1206200RFKEA"; VariantName = "[No Variations]"
Added Component: Designator=R8(RESC3216X07N/1206)
Add component. Clean all parameters for all variants
Add component (AddParameter): Name = "Manufacturer"; Value = "Vishay Dale"; VariantName = "[No Variations]"
Add component (AddParameter): Name = "Manufacturer Part Number"; Value = "CRCW1206200RFKEA"; VariantName = "[No Variations]"
Added Component: Designator=R9(RESC3216X07N/1206)
Add component. Clean all parameters for all variants
Add component (AddParameter): Name = "Manufacturer"; Value = "Vishay Dale"; VariantName = "[No Variations]"
Add component (AddParameter): Name = "Manufacturer Part Number"; Value = "CRCW1206200RFKEA"; VariantName = "[No Variations]"
Added Pin To Net: NetName=D11 Pin=R7-1
Added Pin To Net: NetName=D13 Pin=R8-1
Added Pin To Net: NetName=D12 Pin=R9-1
Added Pin To Net: NetName=NetR7_2 Pin=R7-2
Added Pin To Net: NetName=NetR7_2 Pin=X11-1
Added Net: Name=NetR7_2
Added Pin To Net: NetName=NetR8_2 Pin=R8-2
Added Pin To Net: NetName=NetR8_2 Pin=X11-7
Added Net: Name=NetR8_2
Added Pin To Net: NetName=NetR9_2 Pin=R9-2
Added Pin To Net: NetName=NetR9_2 Pin=X11-9
Added Net: Name=NetR9_2
Added Member To Class: ClassName=merigold Member=Component R7 200R1206
Added Member To Class: ClassName=merigold Member=Component R8 200R1206
Added Member To Class: ClassName=merigold Member=Component R9 200R1206
