Added Component: Designator=R9(RESC3216X07N/1206)
Add component. Clean all parameters for all variants
Add component (AddParameter): Name = "Manufacturer"; Value = "Vishay Dale"; VariantName = "[No Variations]"
Add component (AddParameter): Name = "Manufacturer Part Number"; Value = "CRCW1206200RFKEA"; VariantName = "[No Variations]"
Added Component: Designator=R10(RESC3216X07N/1206)
Add component. Clean all parameters for all variants
Add component (AddParameter): Name = "Manufacturer"; Value = "Vishay Dale"; VariantName = "[No Variations]"
Add component (AddParameter): Name = "Manufacturer Part Number"; Value = "CRCW1206200RFKEA"; VariantName = "[No Variations]"
Added Component: Designator=VD3(LED500)
Add component. Clean all parameters for all variants
Add component (AddParameter): Name = "Manufacturer"; Value = "Lumex"; VariantName = "[No Variations]"
Add component (AddParameter): Name = "Manufacturer Part Number"; Value = "SSL-LX5093GD-TR26"; VariantName = "[No Variations]"
Added Component: Designator=VD4(LED500)
Add component. Clean all parameters for all variants
Add component (AddParameter): Name = "Manufacturer"; Value = "Lumex"; VariantName = "[No Variations]"
Add component (AddParameter): Name = "Manufacturer Part Number"; Value = "SSL-LX5093GD-TR26"; VariantName = "[No Variations]"
Added Pin To Net: NetName=GND Pin=VD3-K
Added Pin To Net: NetName=GND Pin=VD4-K
Added Pin To Net: NetName=NetDD3_13 Pin=DD3-13
Added Pin To Net: NetName=NetDD3_13 Pin=R9-2
Added Net: Name=NetDD3_13
Added Pin To Net: NetName=NetDD3_14 Pin=DD3-14
Added Pin To Net: NetName=NetDD3_14 Pin=R10-2
Added Net: Name=NetDD3_14
Added Pin To Net: NetName=NetR9_1 Pin=R9-1
Added Pin To Net: NetName=NetR9_1 Pin=VD3-A
Added Net: Name=NetR9_1
Added Pin To Net: NetName=NetR10_1 Pin=R10-1
Added Pin To Net: NetName=NetR10_1 Pin=VD4-A
Added Net: Name=NetR10_1
Added Member To Class: ClassName=merigold Member=Component R9 200R1206
Added Member To Class: ClassName=merigold Member=Component R10 200R1206
Added Member To Class: ClassName=merigold Member=Component VD3 LED_SSL-LX5093GD-TR26
Added Member To Class: ClassName=merigold Member=Component VD4 LED_SSL-LX5093GD-TR26
