Removed Pin From Net: NetName=GND Pin=C7-2
Removed Pin From Net: NetName=GND Pin=C8-2
Change Component Footprint: Designator=C7 Old Footprint=CAPC1508X09M/0603 New Footprint=CAPC2012X14M/0805
Change Component Footprint: Designator=C8 Old Footprint=CAPC1508X09M/0603 New Footprint=CAPC2012X14M/0805
Change Component Comment : Designator=C7 Old Comment=22P50V_CAPC New Comment=22P250V_CAPC
Change Component Comment : Designator=C8 Old Comment=22P50V_CAPC New Comment=22P250V_CAPC
Change component parameters: Designator = "C7"; Footprint = "CAPC2012X14M/0805"; UniqueID = "\NIPOMSTD"
Change component parameters. Clean all parameters for all variants
Change component parameters (AddParameter): Name = "Capacitance"; Value = "22 pF"; VariantName = "[No Variations]"
Change component parameters (AddParameter): Name = "Manufacturer"; Value = "Murata Manufacturing"; VariantName = "[No Variations]"
Change component parameters (AddParameter): Name = "Manufacturer Part Number"; Value = "GRM21A5C2E220JW01"; VariantName = "[No Variations]"
Change component parameters: Designator = "C8"; Footprint = "CAPC2012X14M/0805"; UniqueID = "\GTARBRFU"
Change component parameters. Clean all parameters for all variants
Change component parameters (AddParameter): Name = "Capacitance"; Value = "22 pF"; VariantName = "[No Variations]"
Change component parameters (AddParameter): Name = "Manufacturer"; Value = "Murata Manufacturing"; VariantName = "[No Variations]"
Change component parameters (AddParameter): Name = "Manufacturer Part Number"; Value = "GRM21A5C2E220JW01"; VariantName = "[No Variations]"
Added Pin To Net: NetName=GND Pin=C7-1
Added Pin To Net: NetName=GND Pin=C8-1
Added Pin To Net: NetName=NetC7_2 Pin=C7-2
Added Pin To Net: NetName=NetC7_2 Pin=DD3-9
Added Pin To Net: NetName=NetC7_2 Pin=ZQ1-2
Added Net: Name=NetC7_2
Added Pin To Net: NetName=NetC8_2 Pin=C8-2
Added Pin To Net: NetName=NetC8_2 Pin=DD3-10
Added Pin To Net: NetName=NetC8_2 Pin=ZQ1-1
Added Net: Name=NetC8_2
