Removed Pin From Net: NetName=+3V3 Pin=X5-1
Removed Pin From Net: NetName=SDA0 Pin=X5-2
Removed Pin From Net: NetName=SCL0 Pin=X5-3
Removed Pin From Net: NetName=+3V3 Pin=X6-1
Removed Pin From Net: NetName=SDA1 Pin=X6-2
Removed Pin From Net: NetName=SCL1 Pin=X6-3
Removed Pin From Net: NetName=+3V3 Pin=X7-1
Removed Pin From Net: NetName=SDA2 Pin=X7-2
Removed Pin From Net: NetName=SCL2 Pin=X7-3
Removed Pin From Net: NetName=+3V3 Pin=X8-1
Removed Pin From Net: NetName=SDA3 Pin=X8-2
Removed Pin From Net: NetName=SCL3 Pin=X8-3
Added Pin To Net: NetName=SDA0 Pin=X5-1
Added Pin To Net: NetName=SCL0 Pin=X5-2
Added Pin To Net: NetName=+3V3 Pin=X5-3
Added Pin To Net: NetName=SDA1 Pin=X6-1
Added Pin To Net: NetName=SCL1 Pin=X6-2
Added Pin To Net: NetName=+3V3 Pin=X6-3
Added Pin To Net: NetName=SDA2 Pin=X7-1
Added Pin To Net: NetName=SCL2 Pin=X7-2
Added Pin To Net: NetName=+3V3 Pin=X7-3
Added Pin To Net: NetName=SDA3 Pin=X8-1
Added Pin To Net: NetName=SCL3 Pin=X8-2
Added Pin To Net: NetName=+3V3 Pin=X8-3
