Added Component: Designator=X10(MOLEX_0397000904)
Add component (AddParameter): Name = "Manufacturer"; Value = "Molex"; VariantName = "[No Variations]"
Add component (AddParameter): Name = "Manufacturer Part Number"; Value = "0397000904"; VariantName = "[No Variations]"
Add component (AddParameter): Name = "Supplier 1"; Value = "Digi-Key"; VariantName = "[No Variations]"
Add component (AddParameter): Name = "Supplier Part Number 1"; Value = "WM10641-ND"; VariantName = "[No Variations]"
Added Pin To Net: NetName=GND Pin=DD1-1
Added Pin To Net: NetName=GND Pin=DD1-2
Added Pin To Net: NetName=NetDD1_3 Pin=DD1-3
Added Pin To Net: NetName=SDA0 Pin=DD1-4
Added Pin To Net: NetName=SCL0 Pin=DD1-5
Added Pin To Net: NetName=SDA1 Pin=DD1-6
Added Pin To Net: NetName=SCL1 Pin=DD1-7
Added Pin To Net: NetName=SDA2 Pin=DD1-8
Added Pin To Net: NetName=SCL2 Pin=DD1-9
Added Pin To Net: NetName=SDA3 Pin=DD1-10
Added Pin To Net: NetName=SCL3 Pin=DD1-11
Added Pin To Net: NetName=GND Pin=DD1-12
Added Pin To Net: NetName=GND Pin=DD1-21
Added Pin To Net: NetName=SCL Pin=DD1-22
Added Pin To Net: NetName=SDA Pin=DD1-23
Added Pin To Net: NetName=+3V3 Pin=DD1-24
Added Pin To Net: NetName=SDA Pin=R1-1
Added Pin To Net: NetName=+3V3 Pin=R1-2
Added Pin To Net: NetName=SCL Pin=R2-1
Added Pin To Net: NetName=+3V3 Pin=R2-2
Added Pin To Net: NetName=NetDD1_3 Pin=R3-1
Added Pin To Net: NetName=+3V3 Pin=R3-2
Added Pin To Net: NetName=NetR4_1 Pin=R4-1
Added Pin To Net: NetName=GREEN Pin=R4-2
Added Pin To Net: NetName=NetR5_1 Pin=R5-1
Added Pin To Net: NetName=RED Pin=R5-2
Added Pin To Net: NetName=BTN Pin=R6-1
Added Pin To Net: NetName=+3V3 Pin=R6-2
Added Pin To Net: NetName=GND Pin=SB1-1
Added Pin To Net: NetName=GND Pin=SB1-2
Added Pin To Net: NetName=BTN Pin=SB1-3
Added Pin To Net: NetName=BTN Pin=SB1-4
Added Pin To Net: NetName=NetR5_1 Pin=VD1-A
Added Pin To Net: NetName=GND Pin=VD1-K
Added Pin To Net: NetName=NetR4_1 Pin=VD2-A
Added Pin To Net: NetName=GND Pin=VD2-K
Added Pin To Net: NetName=SDA0 Pin=X1-1
Added Pin To Net: NetName=SDA0 Pin=X1-1
Added Pin To Net: NetName=SCL0 Pin=X1-2
Added Pin To Net: NetName=SCL0 Pin=X1-2
Added Pin To Net: NetName=+3V3 Pin=X1-3
Added Pin To Net: NetName=+3V3 Pin=X1-3
Added Pin To Net: NetName=GND Pin=X1-4
Added Pin To Net: NetName=GND Pin=X1-4
Added Pin To Net: NetName=SDA1 Pin=X2-1
Added Pin To Net: NetName=SDA1 Pin=X2-1
Added Pin To Net: NetName=SCL1 Pin=X2-2
Added Pin To Net: NetName=SCL1 Pin=X2-2
Added Pin To Net: NetName=+3V3 Pin=X2-3
Added Pin To Net: NetName=+3V3 Pin=X2-3
Added Pin To Net: NetName=GND Pin=X2-4
Added Pin To Net: NetName=GND Pin=X2-4
Added Pin To Net: NetName=SDA2 Pin=X3-1
Added Pin To Net: NetName=SDA2 Pin=X3-1
Added Pin To Net: NetName=SCL2 Pin=X3-2
Added Pin To Net: NetName=SCL2 Pin=X3-2
Added Pin To Net: NetName=+3V3 Pin=X3-3
Added Pin To Net: NetName=+3V3 Pin=X3-3
Added Pin To Net: NetName=GND Pin=X3-4
Added Pin To Net: NetName=GND Pin=X3-4
Added Pin To Net: NetName=LEAF_WETNESS_ANALOG Pin=X4-1
Added Pin To Net: NetName=LEAF_WETNESS_ANALOG Pin=X4-1
Added Pin To Net: NetName=+3V3 Pin=X4-3
Added Pin To Net: NetName=+3V3 Pin=X4-3
Added Pin To Net: NetName=GND Pin=X4-4
Added Pin To Net: NetName=GND Pin=X4-4
Added Pin To Net: NetName=NetX5_1 Pin=X5-1
Added Pin To Net: NetName=+3V3 Pin=X5-2
Added Pin To Net: NetName=NetX5_3 Pin=X5-3
Added Pin To Net: NetName=GND Pin=X5-4
Added Pin To Net: NetName=LEAF_WETNESS_ANALOG Pin=X5-5
Added Pin To Net: NetName=NetX5_7 Pin=X5-7
Added Pin To Net: NetName=NetX5_8 Pin=X5-8
Added Pin To Net: NetName=NetX5_9 Pin=X5-9
Added Pin To Net: NetName=NetX5_10 Pin=X5-10
Added Pin To Net: NetName=NetX5_11 Pin=X5-11
Added Pin To Net: NetName=NetX5_12 Pin=X5-12
Added Pin To Net: NetName=NetX5_13 Pin=X5-13
Added Pin To Net: NetName=NetX5_14 Pin=X5-14
Added Pin To Net: NetName=NetX5_15 Pin=X5-15
Added Pin To Net: NetName=NetX5_16 Pin=X5-16
Added Pin To Net: NetName=VBAT Pin=X6-1
Added Pin To Net: NetName=NetX6_2 Pin=X6-2
Added Pin To Net: NetName=NetX6_3 Pin=X6-3
Added Pin To Net: NetName=NetX6_4 Pin=X6-4
Added Pin To Net: NetName=NetX6_5 Pin=X6-5
Added Pin To Net: NetName=NetX6_6 Pin=X6-6
Added Pin To Net: NetName=BTN Pin=X6-7
Added Pin To Net: NetName=GREEN Pin=X6-8
Added Pin To Net: NetName=RED Pin=X6-9
Added Pin To Net: NetName=NetX6_10 Pin=X6-10
Added Pin To Net: NetName=SCL Pin=X6-11
Added Pin To Net: NetName=SDA Pin=X6-12
Added Pin To Net: NetName=VBAT Pin=X7-1
Added Pin To Net: NetName=GND Pin=X7-2
Added Pin To Net: NetName=VBAT Pin=X8-1
Added Pin To Net: NetName=NetX6_2 Pin=X8-2
Added Pin To Net: NetName=NetX6_3 Pin=X8-3
Added Pin To Net: NetName=NetX6_4 Pin=X8-4
Added Pin To Net: NetName=NetX6_5 Pin=X8-5
Added Pin To Net: NetName=NetX6_6 Pin=X8-6
Added Pin To Net: NetName=BTN Pin=X8-7
Added Pin To Net: NetName=GREEN Pin=X8-8
Added Pin To Net: NetName=RED Pin=X8-9
Added Pin To Net: NetName=NetX6_10 Pin=X8-10
Added Pin To Net: NetName=SCL Pin=X8-11
Added Pin To Net: NetName=SDA Pin=X8-12
Added Pin To Net: NetName=NetX5_1 Pin=X9-1
Added Pin To Net: NetName=+3V3 Pin=X9-2
Added Pin To Net: NetName=NetX5_3 Pin=X9-3
Added Pin To Net: NetName=GND Pin=X9-4
Added Pin To Net: NetName=LEAF_WETNESS_ANALOG Pin=X9-5
Added Pin To Net: NetName=NetX5_7 Pin=X9-7
Added Pin To Net: NetName=NetX5_8 Pin=X9-8
Added Pin To Net: NetName=NetX5_9 Pin=X9-9
Added Pin To Net: NetName=NetX5_10 Pin=X9-10
Added Pin To Net: NetName=NetX5_11 Pin=X9-11
Added Pin To Net: NetName=NetX5_12 Pin=X9-12
Added Pin To Net: NetName=NetX5_13 Pin=X9-13
Added Pin To Net: NetName=NetX5_14 Pin=X9-14
Added Pin To Net: NetName=NetX5_15 Pin=X9-15
Added Pin To Net: NetName=NetX5_16 Pin=X9-16
Added Pin To Net: NetName=+3V3 Pin=X10-3
Added Pin To Net: NetName=+3V3 Pin=X10-3
Added Pin To Net: NetName=GND Pin=X10-4
Added Pin To Net: NetName=GND Pin=X10-4
Added Pin To Net: NetName=A1 Pin=X5-6
Added Pin To Net: NetName=A1 Pin=X9-6
Added Pin To Net: NetName=A1 Pin=X10-1
Added Pin To Net: NetName=A1 Pin=X10-1
Added Net: Name=A1
Added Member To Class: ClassName=merigold Member=Component A1 LORA32U4 II
Added Member To Class: ClassName=merigold Member=Component DD1 TCA9548A
Added Member To Class: ClassName=merigold Member=Component R1 10K1206
Added Member To Class: ClassName=merigold Member=Component R2 10K1206
Added Member To Class: ClassName=merigold Member=Component R3 10K1206
Added Member To Class: ClassName=merigold Member=Component R4 200R1206
Added Member To Class: ClassName=merigold Member=Component R5 200R1206
Added Member To Class: ClassName=merigold Member=Component R6 10K1206
Added Member To Class: ClassName=merigold Member=Component SB1 BTN_TACTILE_6X6
Added Member To Class: ClassName=merigold Member=Component VD1 LED_SSL-LX5093GD-TR26
Added Member To Class: ClassName=merigold Member=Component VD2 LED_SSL-LX5093GD-TR26
Added Member To Class: ClassName=merigold Member=Component X1 MOLEX_0397000904
Added Member To Class: ClassName=merigold Member=Component X2 MOLEX_0397000904
Added Member To Class: ClassName=merigold Member=Component X3 MOLEX_0397000904
Added Member To Class: ClassName=merigold Member=Component X4 MOLEX_0397000904
Added Member To Class: ClassName=merigold Member=Component X5 PLS_16_FEMALE
Added Member To Class: ClassName=merigold Member=Component X6 PLS_12_FEMALE
Added Member To Class: ClassName=merigold Member=Component X7 2EDGV-5.0-02P
Added Member To Class: ClassName=merigold Member=Component X8 PLS_12_FEMALE
Added Member To Class: ClassName=merigold Member=Component X9 PLS_16_FEMALE
Added Member To Class: ClassName=merigold Member=Component X10 MOLEX_0397000904
