Removed Pin From Net: NetName=+3V3 Pin=X9-5
Removed Pin From Net: NetName=D2 Pin=X9-6
Removed Pin From Net: NetName=D3 Pin=X9-7
Removed Pin From Net: NetName=D5 Pin=X10-3
Removed Pin From Net: NetName=D10 Pin=X10-4
Removed Pin From Net: NetName=D13 Pin=X10-5
Removed Pin From Net: NetName=D11 Pin=X10-6
Removed Pin From Net: NetName=D12 Pin=X10-7
Removed Member From Class: ClassName=merigold Member=X9
Removed Member From Class: ClassName=merigold Member=X10
Added Pin To Net: NetName=+3V3 Pin=DD1-5
Added Pin To Net: NetName=D2 Pin=DD1-6
Added Pin To Net: NetName=D3 Pin=DD1-7
Added Pin To Net: NetName=D12 Pin=DD1-10
Added Pin To Net: NetName=D11 Pin=DD1-11
Added Pin To Net: NetName=D13 Pin=DD1-12
Added Pin To Net: NetName=D10 Pin=DD1-13
Added Pin To Net: NetName=D5 Pin=DD1-14
Added Pin To Net: NetName=+3V3 Pin=X2-5
Added Pin To Net: NetName=D2 Pin=X2-6
Added Pin To Net: NetName=D3 Pin=X2-7
Added Pin To Net: NetName=D5 Pin=X3-3
Added Pin To Net: NetName=D10 Pin=X3-4
Added Pin To Net: NetName=D13 Pin=X3-5
Added Pin To Net: NetName=D11 Pin=X3-6
Added Pin To Net: NetName=D12 Pin=X3-7
